\BOOKMARK [0][-]{chapter.1}{Context}{}% 1
\BOOKMARK [1][-]{subsection.1.0.1}{Glossary}{chapter.1}% 2
\BOOKMARK [2][-]{subsection.1.0.2}{Stakeholders}{subsection.1.0.1}% 3
\BOOKMARK [0][-]{chapter.2}{State of the Art}{}% 4
\BOOKMARK [1][-]{section.2.1}{Counting and quantifying}{chapter.2}% 5
\BOOKMARK [1][-]{section.2.2}{Ordering}{chapter.2}% 6
\BOOKMARK [1][-]{section.2.3}{Reporting}{chapter.2}% 7
\BOOKMARK [1][-]{section.2.4}{Demand forecasting}{chapter.2}% 8
\BOOKMARK [1][-]{section.2.5}{Stock rotation}{chapter.2}% 9
\BOOKMARK [1][-]{section.2.6}{Accessibility}{chapter.2}% 10
\BOOKMARK [0][-]{chapter.3}{Formulation}{}% 11
\BOOKMARK [0][-]{chapter.4}{Scope}{}% 12
\BOOKMARK [1][-]{section.4.1}{Counting and quantifying}{chapter.4}% 13
\BOOKMARK [1][-]{section.4.2}{Ordering}{chapter.4}% 14
\BOOKMARK [1][-]{section.4.3}{Reporting}{chapter.4}% 15
\BOOKMARK [1][-]{section.4.4}{Demand forecasting}{chapter.4}% 16
\BOOKMARK [1][-]{section.4.5}{Stock rotation}{chapter.4}% 17
\BOOKMARK [1][-]{section.4.6}{Accessibility}{chapter.4}% 18
\BOOKMARK [1][-]{section.4.7}{Support for providers and customers}{chapter.4}% 19
\BOOKMARK [1][-]{section.4.8}{Possible obstacles}{chapter.4}% 20
\BOOKMARK [0][-]{chapter.5}{Work methodology}{}% 21
\BOOKMARK [1][-]{section.5.1}{Validation}{chapter.5}% 22
\BOOKMARK [0][-]{chapter.6}{Project outline}{}% 23
\BOOKMARK [0][-]{chapter.7}{Project phases}{}% 24
\BOOKMARK [1][-]{section.7.1}{Analysis}{chapter.7}% 25
\BOOKMARK [1][-]{section.7.2}{Documentation \046 Specification}{chapter.7}% 26
\BOOKMARK [1][-]{section.7.3}{Development \046 Testing}{chapter.7}% 27
\BOOKMARK [1][-]{section.7.4}{Consumer MVP}{chapter.7}% 28
\BOOKMARK [0][-]{chapter.8}{Contigency plan}{}% 29
\BOOKMARK [0][-]{chapter.9}{Resources}{}% 30
\BOOKMARK [0][-]{chapter.10}{Project budget}{}% 31
\BOOKMARK [1][-]{section.10.1}{Human resources}{chapter.10}% 32
\BOOKMARK [1][-]{section.10.2}{Material resources}{chapter.10}% 33
\BOOKMARK [1][-]{section.10.3}{Indirect resources}{chapter.10}% 34
\BOOKMARK [1][-]{section.10.4}{Other costs}{chapter.10}% 35
\BOOKMARK [0][-]{chapter.11}{Cost estimation}{}% 36
\BOOKMARK [0][-]{chapter.12}{Cost management}{}% 37
\BOOKMARK [0][-]{chapter.13}{Sustainability study}{}% 38
\BOOKMARK [1][-]{section.13.1}{Economic}{chapter.13}% 39
\BOOKMARK [1][-]{section.13.2}{Social}{chapter.13}% 40
\BOOKMARK [1][-]{section.13.3}{Environmental}{chapter.13}% 41
\BOOKMARK [1][-]{section.13.4}{Conclusion}{chapter.13}% 42
\BOOKMARK [0][-]{chapter.14}{Architecture of the solution}{}% 43
\BOOKMARK [1][-]{section.14.1}{Why an API?}{chapter.14}% 44
\BOOKMARK [1][-]{section.14.2}{Architecture}{chapter.14}% 45
\BOOKMARK [1][-]{section.14.3}{Technologies}{chapter.14}% 46
\BOOKMARK [1][-]{section.14.4}{Laravel}{chapter.14}% 47
\BOOKMARK [1][-]{section.14.5}{Routing}{chapter.14}% 48
\BOOKMARK [2][-]{subsection.14.5.1}{Grouping}{section.14.5}% 49
\BOOKMARK [2][-]{subsection.14.5.2}{Middleware}{section.14.5}% 50
\BOOKMARK [2][-]{subsection.14.5.3}{Additional features}{section.14.5}% 51
\BOOKMARK [1][-]{section.14.6}{Database}{chapter.14}% 52
\BOOKMARK [2][-]{subsection.14.6.1}{Migrations}{section.14.6}% 53
\BOOKMARK [2][-]{subsection.14.6.2}{Seeding}{section.14.6}% 54
\BOOKMARK [1][-]{section.14.7}{Authentication}{chapter.14}% 55
\BOOKMARK [1][-]{section.14.8}{Testing}{chapter.14}% 56
\BOOKMARK [2][-]{subsection.14.8.1}{Configuration}{section.14.8}% 57
\BOOKMARK [2][-]{subsection.14.8.2}{Tests}{section.14.8}% 58
\BOOKMARK [1][-]{section.14.9}{Deployment}{chapter.14}% 59
\BOOKMARK [1][-]{section.14.10}{Online resources}{chapter.14}% 60
\BOOKMARK [1][-]{section.14.11}{Infrastructure}{chapter.14}% 61
\BOOKMARK [0][-]{chapter.15}{Feature analysis}{}% 62
\BOOKMARK [1][-]{section.15.1}{Counting and quantifying}{chapter.15}% 63
\BOOKMARK [1][-]{section.15.2}{Ordering}{chapter.15}% 64
\BOOKMARK [1][-]{section.15.3}{Reporting}{chapter.15}% 65
\BOOKMARK [1][-]{section.15.4}{Demand forecasting}{chapter.15}% 66
\BOOKMARK [1][-]{section.15.5}{Stock rotation}{chapter.15}% 67
\BOOKMARK [1][-]{section.15.6}{Support for providers and customers}{chapter.15}% 68
\BOOKMARK [1][-]{section.15.7}{Sales and Purchases}{chapter.15}% 69
\BOOKMARK [0][-]{chapter.16}{Domain description}{}% 70
\BOOKMARK [1][-]{section.16.1}{overall structure}{chapter.16}% 71
\BOOKMARK [1][-]{section.16.2}{Classes}{chapter.16}% 72
\BOOKMARK [2][-]{subsection.16.2.1}{Product}{section.16.2}% 73
\BOOKMARK [2][-]{subsection.16.2.2}{Category}{section.16.2}% 74
\BOOKMARK [2][-]{subsection.16.2.3}{Tag}{section.16.2}% 75
\BOOKMARK [2][-]{subsection.16.2.4}{Stock}{section.16.2}% 76
\BOOKMARK [2][-]{subsection.16.2.5}{Provider}{section.16.2}% 77
\BOOKMARK [2][-]{subsection.16.2.6}{ProductOffer}{section.16.2}% 78
\BOOKMARK [2][-]{subsection.16.2.7}{PurchaseOrder}{section.16.2}% 79
\BOOKMARK [2][-]{subsection.16.2.8}{PurchaseLine}{section.16.2}% 80
\BOOKMARK [2][-]{subsection.16.2.9}{Customer}{section.16.2}% 81
\BOOKMARK [2][-]{subsection.16.2.10}{SaleOrder}{section.16.2}% 82
\BOOKMARK [2][-]{subsection.16.2.11}{SaleLine}{section.16.2}% 83
\BOOKMARK [0][-]{appendix.A}{Use case specification}{}% 84
