This is pdfTeX, Version 3.1415926-2.5-1.40.14 (TeX Live 2013/Debian) (format=pdflatex 2016.12.18)  21 DEC 2016 00:04
entering extended mode
 \write18 enabled.
 %&-line parsing enabled.
**base.tex
(./base.tex
LaTeX2e <2011/06/27>
Babel <3.9h> and hyphenation patterns for 78 languages loaded.
(/usr/share/texlive/texmf-dist/tex/latex/base/report.cls
Document Class: report 2007/10/19 v1.4h Standard LaTeX document class
(/usr/share/texlive/texmf-dist/tex/latex/base/size10.clo
File: size10.clo 2007/10/19 v1.4h Standard LaTeX file (size option)
)
\c@part=\count79
\c@chapter=\count80
\c@section=\count81
\c@subsection=\count82
\c@subsubsection=\count83
\c@paragraph=\count84
\c@subparagraph=\count85
\c@figure=\count86
\c@table=\count87
\abovecaptionskip=\skip41
\belowcaptionskip=\skip42
\bibindent=\dimen102
)
(/usr/share/texlive/texmf-dist/tex/latex/koma-script/scrextend.sty
Package: scrextend 2013/12/19 v3.12 KOMA-Script KOMA-Script package (extend oth
er classes with features of KOMA-Script classes)

(/usr/share/texlive/texmf-dist/tex/latex/koma-script/scrkbase.sty
Package: scrkbase 2013/12/19 v3.12 KOMA-Script package (KOMA-Script-dependent b
asics and keyval usage)

(/usr/share/texlive/texmf-dist/tex/latex/koma-script/scrbase.sty
Package: scrbase 2013/12/19 v3.12 KOMA-Script package (KOMA-Script-independent 
basics and keyval usage)

(/usr/share/texlive/texmf-dist/tex/latex/graphics/keyval.sty
Package: keyval 1999/03/16 v1.13 key=value parser (DPC)
\KV@toks@=\toks14
)
(/usr/share/texlive/texmf-dist/tex/latex/koma-script/scrlfile.sty
Package: scrlfile 2013/12/19 v3.12 KOMA-Script package (loading files)

Package scrlfile, 2013/12/19 v3.12 KOMA-Script package (loading files)
                  Copyright (C) Markus Kohm

)))) (/usr/share/texlive/texmf-dist/tex/latex/parskip/parskip.sty
Package: parskip 2001/04/09 non-zero parskip adjustments
)
(/usr/share/texlive/texmf-dist/tex/latex/hyperref/hyperref.sty
Package: hyperref 2012/11/06 v6.83m Hypertext links for LaTeX

(/usr/share/texlive/texmf-dist/tex/generic/oberdiek/hobsub-hyperref.sty
Package: hobsub-hyperref 2012/05/28 v1.13 Bundle oberdiek, subset hyperref (HO)


(/usr/share/texlive/texmf-dist/tex/generic/oberdiek/hobsub-generic.sty
Package: hobsub-generic 2012/05/28 v1.13 Bundle oberdiek, subset generic (HO)
Package: hobsub 2012/05/28 v1.13 Construct package bundles (HO)
Package: infwarerr 2010/04/08 v1.3 Providing info/warning/error messages (HO)
Package: ltxcmds 2011/11/09 v1.22 LaTeX kernel commands for general use (HO)
Package: ifluatex 2010/03/01 v1.3 Provides the ifluatex switch (HO)
Package ifluatex Info: LuaTeX not detected.
Package: ifvtex 2010/03/01 v1.5 Detect VTeX and its facilities (HO)
Package ifvtex Info: VTeX not detected.
Package: intcalc 2007/09/27 v1.1 Expandable calculations with integers (HO)
Package: ifpdf 2011/01/30 v2.3 Provides the ifpdf switch (HO)
Package ifpdf Info: pdfTeX in PDF mode is detected.
Package: etexcmds 2011/02/16 v1.5 Avoid name clashes with e-TeX commands (HO)
Package etexcmds Info: Could not find \expanded.
(etexcmds)             That can mean that you are not using pdfTeX 1.50 or
(etexcmds)             that some package has redefined \expanded.
(etexcmds)             In the latter case, load this package earlier.
Package: kvsetkeys 2012/04/25 v1.16 Key value parser (HO)
Package: kvdefinekeys 2011/04/07 v1.3 Define keys (HO)
Package: pdftexcmds 2011/11/29 v0.20 Utility functions of pdfTeX for LuaTeX (HO
)
Package pdftexcmds Info: LuaTeX not detected.
Package pdftexcmds Info: \pdf@primitive is available.
Package pdftexcmds Info: \pdf@ifprimitive is available.
Package pdftexcmds Info: \pdfdraftmode found.
Package: pdfescape 2011/11/25 v1.13 Implements pdfTeX's escape features (HO)
Package: bigintcalc 2012/04/08 v1.3 Expandable calculations on big integers (HO
)
Package: bitset 2011/01/30 v1.1 Handle bit-vector datatype (HO)
Package: uniquecounter 2011/01/30 v1.2 Provide unlimited unique counter (HO)
)
Package hobsub Info: Skipping package `hobsub' (already loaded).
Package: letltxmacro 2010/09/02 v1.4 Let assignment for LaTeX macros (HO)
Package: hopatch 2012/05/28 v1.2 Wrapper for package hooks (HO)
Package: xcolor-patch 2011/01/30 xcolor patch
Package: atveryend 2011/06/30 v1.8 Hooks at the very end of document (HO)
Package atveryend Info: \enddocument detected (standard20110627).
Package: atbegshi 2011/10/05 v1.16 At begin shipout hook (HO)
Package: refcount 2011/10/16 v3.4 Data extraction from label references (HO)
Package: hycolor 2011/01/30 v1.7 Color options for hyperref/bookmark (HO)
)
(/usr/share/texlive/texmf-dist/tex/generic/ifxetex/ifxetex.sty
Package: ifxetex 2010/09/12 v0.6 Provides ifxetex conditional
)
(/usr/share/texlive/texmf-dist/tex/latex/oberdiek/auxhook.sty
Package: auxhook 2011/03/04 v1.3 Hooks for auxiliary files (HO)
)
(/usr/share/texlive/texmf-dist/tex/latex/oberdiek/kvoptions.sty
Package: kvoptions 2011/06/30 v3.11 Key value format for package options (HO)
)
\@linkdim=\dimen103
\Hy@linkcounter=\count88
\Hy@pagecounter=\count89

(/usr/share/texlive/texmf-dist/tex/latex/hyperref/pd1enc.def
File: pd1enc.def 2012/11/06 v6.83m Hyperref: PDFDocEncoding definition (HO)
)
\Hy@SavedSpaceFactor=\count90

(/usr/share/texlive/texmf-dist/tex/latex/latexconfig/hyperref.cfg
File: hyperref.cfg 2002/06/06 v1.2 hyperref configuration of TeXLive
)
Package hyperref Info: Hyper figures OFF on input line 4443.
Package hyperref Info: Link nesting OFF on input line 4448.
Package hyperref Info: Hyper index ON on input line 4451.
Package hyperref Info: Plain pages OFF on input line 4458.
Package hyperref Info: Backreferencing OFF on input line 4463.
Package hyperref Info: Implicit mode ON; LaTeX internals redefined.
Package hyperref Info: Bookmarks ON on input line 4688.
\c@Hy@tempcnt=\count91

(/usr/share/texlive/texmf-dist/tex/latex/url/url.sty
\Urlmuskip=\muskip10
Package: url 2013/09/16  ver 3.4  Verb mode for urls, etc.
)
LaTeX Info: Redefining \url on input line 5041.
\XeTeXLinkMargin=\dimen104
\Fld@menulength=\count92
\Field@Width=\dimen105
\Fld@charsize=\dimen106
Package hyperref Info: Hyper figures OFF on input line 6295.
Package hyperref Info: Link nesting OFF on input line 6300.
Package hyperref Info: Hyper index ON on input line 6303.
Package hyperref Info: backreferencing OFF on input line 6310.
Package hyperref Info: Link coloring OFF on input line 6315.
Package hyperref Info: Link coloring with OCG OFF on input line 6320.
Package hyperref Info: PDF/A mode OFF on input line 6325.
LaTeX Info: Redefining \ref on input line 6365.
LaTeX Info: Redefining \pageref on input line 6369.
\Hy@abspage=\count93
\c@Item=\count94
\c@Hfootnote=\count95
)

Package hyperref Message: Driver (autodetected): hpdftex.

(/usr/share/texlive/texmf-dist/tex/latex/hyperref/hpdftex.def
File: hpdftex.def 2012/11/06 v6.83m Hyperref driver for pdfTeX
\Fld@listcount=\count96
\c@bookmark@seq@number=\count97

(/usr/share/texlive/texmf-dist/tex/latex/oberdiek/rerunfilecheck.sty
Package: rerunfilecheck 2011/04/15 v1.7 Rerun checks for auxiliary files (HO)
Package uniquecounter Info: New unique counter `rerunfilecheck' on input line 2
82.
)
\Hy@SectionHShift=\skip43
)
(/usr/share/texlive/texmf-dist/tex/latex/eurosym/eurosym.sty
Package: eurosym 1998/08/06 v1.1 European currency symbol ``Euro''
\@eurobox=\box26
)
(/usr/share/texlive/texmf-dist/tex/latex/minted/minted.sty
Package: minted 2011/09/17 v1.7 Yet another Pygments shim for LaTeX

(/usr/share/texlive/texmf-dist/tex/latex/fancyvrb/fancyvrb.sty
Package: fancyvrb 2008/02/07

Style option: `fancyvrb' v2.7a, with DG/SPQR fixes, and firstline=lastline fix 
<2008/02/07> (tvz)
\FV@CodeLineNo=\count98
\FV@InFile=\read1
\FV@TabBox=\box27
\c@FancyVerbLine=\count99
\FV@StepNumber=\count100
\FV@OutFile=\write3
) (/usr/share/texmf/tex/latex/xcolor/xcolor.sty
Package: xcolor 2007/01/21 v2.11 LaTeX color extensions (UK)

(/usr/share/texlive/texmf-dist/tex/latex/latexconfig/color.cfg
File: color.cfg 2007/01/18 v1.5 color configuration of teTeX/TeXLive
)
Package xcolor Info: Driver file: pdftex.def on input line 225.

(/usr/share/texlive/texmf-dist/tex/latex/pdftex-def/pdftex.def
File: pdftex.def 2011/05/27 v0.06d Graphics/color for pdfTeX
\Gread@gobject=\count101
)
Package xcolor Info: Model `cmy' substituted by `cmy0' on input line 1337.
Package xcolor Info: Model `hsb' substituted by `rgb' on input line 1341.
Package xcolor Info: Model `RGB' extended on input line 1353.
Package xcolor Info: Model `HTML' substituted by `rgb' on input line 1355.
Package xcolor Info: Model `Hsb' substituted by `hsb' on input line 1356.
Package xcolor Info: Model `tHsb' substituted by `hsb' on input line 1357.
Package xcolor Info: Model `HSB' substituted by `hsb' on input line 1358.
Package xcolor Info: Model `Gray' substituted by `gray' on input line 1359.
Package xcolor Info: Model `wave' substituted by `hsb' on input line 1360.
)
(/usr/share/texlive/texmf-dist/tex/latex/float/float.sty
Package: float 2001/11/08 v1.3d Float enhancements (AL)
\c@float@type=\count102
\float@exts=\toks15
\float@box=\box28
\@float@everytoks=\toks16
\@floatcapt=\box29
)
(/usr/share/texlive/texmf-dist/tex/latex/base/ifthen.sty
Package: ifthen 2001/05/26 v1.1c Standard LaTeX ifthen package (DPC)
)
(/usr/share/texlive/texmf-dist/tex/latex/tools/calc.sty
Package: calc 2007/08/22 v4.3 Infix arithmetic (KKT,FJ)
\calc@Acount=\count103
\calc@Bcount=\count104
\calc@Adimen=\dimen107
\calc@Bdimen=\dimen108
\calc@Askip=\skip44
\calc@Bskip=\skip45
LaTeX Info: Redefining \setlength on input line 76.
LaTeX Info: Redefining \addtolength on input line 77.
\calc@Ccount=\count105
\calc@Cskip=\skip46
)
(/usr/share/texlive/texmf-dist/tex/latex/ifplatform/ifplatform.sty
Package: ifplatform 2010/10/22 v0.4 Testing for the operating system

(/usr/share/texlive/texmf-dist/tex/generic/oberdiek/catchfile.sty
Package: catchfile 2011/03/01 v1.6 Catch the contents of a file (HO)
)
runsystem(uname -s > "base.w18")...executed.

 (./base.w18)
runsystem(rm -- "base.w18")...executed.

)
\minted@bgbox=\box30
\minted@code=\write4
\@float@every@listing=\toks17
\c@listing=\count106
)
runsystem(which pygmentize && touch base.aex)...executed.

runsystem(rm base.aex)...executed.

 (/usr/share/texlive/texmf-dist/tex/latex/graphics/graphicx.sty
Package: graphicx 1999/02/16 v1.0f Enhanced LaTeX Graphics (DPC,SPQR)

(/usr/share/texlive/texmf-dist/tex/latex/graphics/graphics.sty
Package: graphics 2009/02/05 v1.0o Standard LaTeX Graphics (DPC,SPQR)

(/usr/share/texlive/texmf-dist/tex/latex/graphics/trig.sty
Package: trig 1999/03/16 v1.09 sin cos tan (DPC)
)
(/usr/share/texlive/texmf-dist/tex/latex/latexconfig/graphics.cfg
File: graphics.cfg 2010/04/23 v1.9 graphics configuration of TeX Live
)
Package graphics Info: Driver file: pdftex.def on input line 91.
)
\Gin@req@height=\dimen109
\Gin@req@width=\dimen110
)
(/usr/share/texlive/texmf-dist/tex/latex/base/inputenc.sty
Package: inputenc 2008/03/30 v1.1d Input encoding file
\inpenc@prehook=\toks18
\inpenc@posthook=\toks19

(/usr/share/texlive/texmf-dist/tex/latex/base/utf8.def
File: utf8.def 2008/04/05 v1.1m UTF-8 support for inputenc
Now handling font encoding OML ...
... no UTF-8 mapping file for font encoding OML
Now handling font encoding T1 ...
... processing UTF-8 mapping file for font encoding T1

(/usr/share/texlive/texmf-dist/tex/latex/base/t1enc.dfu
File: t1enc.dfu 2008/04/05 v1.1m UTF-8 support for inputenc
   defining Unicode char U+00A1 (decimal 161)
   defining Unicode char U+00A3 (decimal 163)
   defining Unicode char U+00AB (decimal 171)
   defining Unicode char U+00BB (decimal 187)
   defining Unicode char U+00BF (decimal 191)
   defining Unicode char U+00C0 (decimal 192)
   defining Unicode char U+00C1 (decimal 193)
   defining Unicode char U+00C2 (decimal 194)
   defining Unicode char U+00C3 (decimal 195)
   defining Unicode char U+00C4 (decimal 196)
   defining Unicode char U+00C5 (decimal 197)
   defining Unicode char U+00C6 (decimal 198)
   defining Unicode char U+00C7 (decimal 199)
   defining Unicode char U+00C8 (decimal 200)
   defining Unicode char U+00C9 (decimal 201)
   defining Unicode char U+00CA (decimal 202)
   defining Unicode char U+00CB (decimal 203)
   defining Unicode char U+00CC (decimal 204)
   defining Unicode char U+00CD (decimal 205)
   defining Unicode char U+00CE (decimal 206)
   defining Unicode char U+00CF (decimal 207)
   defining Unicode char U+00D0 (decimal 208)
   defining Unicode char U+00D1 (decimal 209)
   defining Unicode char U+00D2 (decimal 210)
   defining Unicode char U+00D3 (decimal 211)
   defining Unicode char U+00D4 (decimal 212)
   defining Unicode char U+00D5 (decimal 213)
   defining Unicode char U+00D6 (decimal 214)
   defining Unicode char U+00D8 (decimal 216)
   defining Unicode char U+00D9 (decimal 217)
   defining Unicode char U+00DA (decimal 218)
   defining Unicode char U+00DB (decimal 219)
   defining Unicode char U+00DC (decimal 220)
   defining Unicode char U+00DD (decimal 221)
   defining Unicode char U+00DE (decimal 222)
   defining Unicode char U+00DF (decimal 223)
   defining Unicode char U+00E0 (decimal 224)
   defining Unicode char U+00E1 (decimal 225)
   defining Unicode char U+00E2 (decimal 226)
   defining Unicode char U+00E3 (decimal 227)
   defining Unicode char U+00E4 (decimal 228)
   defining Unicode char U+00E5 (decimal 229)
   defining Unicode char U+00E6 (decimal 230)
   defining Unicode char U+00E7 (decimal 231)
   defining Unicode char U+00E8 (decimal 232)
   defining Unicode char U+00E9 (decimal 233)
   defining Unicode char U+00EA (decimal 234)
   defining Unicode char U+00EB (decimal 235)
   defining Unicode char U+00EC (decimal 236)
   defining Unicode char U+00ED (decimal 237)
   defining Unicode char U+00EE (decimal 238)
   defining Unicode char U+00EF (decimal 239)
   defining Unicode char U+00F0 (decimal 240)
   defining Unicode char U+00F1 (decimal 241)
   defining Unicode char U+00F2 (decimal 242)
   defining Unicode char U+00F3 (decimal 243)
   defining Unicode char U+00F4 (decimal 244)
   defining Unicode char U+00F5 (decimal 245)
   defining Unicode char U+00F6 (decimal 246)
   defining Unicode char U+00F8 (decimal 248)
   defining Unicode char U+00F9 (decimal 249)
   defining Unicode char U+00FA (decimal 250)
   defining Unicode char U+00FB (decimal 251)
   defining Unicode char U+00FC (decimal 252)
   defining Unicode char U+00FD (decimal 253)
   defining Unicode char U+00FE (decimal 254)
   defining Unicode char U+00FF (decimal 255)
   defining Unicode char U+0102 (decimal 258)
   defining Unicode char U+0103 (decimal 259)
   defining Unicode char U+0104 (decimal 260)
   defining Unicode char U+0105 (decimal 261)
   defining Unicode char U+0106 (decimal 262)
   defining Unicode char U+0107 (decimal 263)
   defining Unicode char U+010C (decimal 268)
   defining Unicode char U+010D (decimal 269)
   defining Unicode char U+010E (decimal 270)
   defining Unicode char U+010F (decimal 271)
   defining Unicode char U+0110 (decimal 272)
   defining Unicode char U+0111 (decimal 273)
   defining Unicode char U+0118 (decimal 280)
   defining Unicode char U+0119 (decimal 281)
   defining Unicode char U+011A (decimal 282)
   defining Unicode char U+011B (decimal 283)
   defining Unicode char U+011E (decimal 286)
   defining Unicode char U+011F (decimal 287)
   defining Unicode char U+0130 (decimal 304)
   defining Unicode char U+0131 (decimal 305)
   defining Unicode char U+0132 (decimal 306)
   defining Unicode char U+0133 (decimal 307)
   defining Unicode char U+0139 (decimal 313)
   defining Unicode char U+013A (decimal 314)
   defining Unicode char U+013D (decimal 317)
   defining Unicode char U+013E (decimal 318)
   defining Unicode char U+0141 (decimal 321)
   defining Unicode char U+0142 (decimal 322)
   defining Unicode char U+0143 (decimal 323)
   defining Unicode char U+0144 (decimal 324)
   defining Unicode char U+0147 (decimal 327)
   defining Unicode char U+0148 (decimal 328)
   defining Unicode char U+014A (decimal 330)
   defining Unicode char U+014B (decimal 331)
   defining Unicode char U+0150 (decimal 336)
   defining Unicode char U+0151 (decimal 337)
   defining Unicode char U+0152 (decimal 338)
   defining Unicode char U+0153 (decimal 339)
   defining Unicode char U+0154 (decimal 340)
   defining Unicode char U+0155 (decimal 341)
   defining Unicode char U+0158 (decimal 344)
   defining Unicode char U+0159 (decimal 345)
   defining Unicode char U+015A (decimal 346)
   defining Unicode char U+015B (decimal 347)
   defining Unicode char U+015E (decimal 350)
   defining Unicode char U+015F (decimal 351)
   defining Unicode char U+0160 (decimal 352)
   defining Unicode char U+0161 (decimal 353)
   defining Unicode char U+0162 (decimal 354)
   defining Unicode char U+0163 (decimal 355)
   defining Unicode char U+0164 (decimal 356)
   defining Unicode char U+0165 (decimal 357)
   defining Unicode char U+016E (decimal 366)
   defining Unicode char U+016F (decimal 367)
   defining Unicode char U+0170 (decimal 368)
   defining Unicode char U+0171 (decimal 369)
   defining Unicode char U+0178 (decimal 376)
   defining Unicode char U+0179 (decimal 377)
   defining Unicode char U+017A (decimal 378)
   defining Unicode char U+017B (decimal 379)
   defining Unicode char U+017C (decimal 380)
   defining Unicode char U+017D (decimal 381)
   defining Unicode char U+017E (decimal 382)
   defining Unicode char U+200C (decimal 8204)
   defining Unicode char U+2013 (decimal 8211)
   defining Unicode char U+2014 (decimal 8212)
   defining Unicode char U+2018 (decimal 8216)
   defining Unicode char U+2019 (decimal 8217)
   defining Unicode char U+201A (decimal 8218)
   defining Unicode char U+201C (decimal 8220)
   defining Unicode char U+201D (decimal 8221)
   defining Unicode char U+201E (decimal 8222)
   defining Unicode char U+2030 (decimal 8240)
   defining Unicode char U+2031 (decimal 8241)
   defining Unicode char U+2039 (decimal 8249)
   defining Unicode char U+203A (decimal 8250)
   defining Unicode char U+2423 (decimal 9251)
)
Now handling font encoding OT1 ...
... processing UTF-8 mapping file for font encoding OT1

(/usr/share/texlive/texmf-dist/tex/latex/base/ot1enc.dfu
File: ot1enc.dfu 2008/04/05 v1.1m UTF-8 support for inputenc
   defining Unicode char U+00A1 (decimal 161)
   defining Unicode char U+00A3 (decimal 163)
   defining Unicode char U+00B8 (decimal 184)
   defining Unicode char U+00BF (decimal 191)
   defining Unicode char U+00C5 (decimal 197)
   defining Unicode char U+00C6 (decimal 198)
   defining Unicode char U+00D8 (decimal 216)
   defining Unicode char U+00DF (decimal 223)
   defining Unicode char U+00E6 (decimal 230)
   defining Unicode char U+00EC (decimal 236)
   defining Unicode char U+00ED (decimal 237)
   defining Unicode char U+00EE (decimal 238)
   defining Unicode char U+00EF (decimal 239)
   defining Unicode char U+00F8 (decimal 248)
   defining Unicode char U+0131 (decimal 305)
   defining Unicode char U+0141 (decimal 321)
   defining Unicode char U+0142 (decimal 322)
   defining Unicode char U+0152 (decimal 338)
   defining Unicode char U+0153 (decimal 339)
   defining Unicode char U+2013 (decimal 8211)
   defining Unicode char U+2014 (decimal 8212)
   defining Unicode char U+2018 (decimal 8216)
   defining Unicode char U+2019 (decimal 8217)
   defining Unicode char U+201C (decimal 8220)
   defining Unicode char U+201D (decimal 8221)
)
Now handling font encoding OMS ...
... processing UTF-8 mapping file for font encoding OMS

(/usr/share/texlive/texmf-dist/tex/latex/base/omsenc.dfu
File: omsenc.dfu 2008/04/05 v1.1m UTF-8 support for inputenc
   defining Unicode char U+00A7 (decimal 167)
   defining Unicode char U+00B6 (decimal 182)
   defining Unicode char U+00B7 (decimal 183)
   defining Unicode char U+2020 (decimal 8224)
   defining Unicode char U+2021 (decimal 8225)
   defining Unicode char U+2022 (decimal 8226)
)
Now handling font encoding OMX ...
... no UTF-8 mapping file for font encoding OMX
Now handling font encoding U ...
... no UTF-8 mapping file for font encoding U
Now handling font encoding PD1 ...
... no UTF-8 mapping file for font encoding PD1
   defining Unicode char U+00A9 (decimal 169)
   defining Unicode char U+00AA (decimal 170)
   defining Unicode char U+00AE (decimal 174)
   defining Unicode char U+00BA (decimal 186)
   defining Unicode char U+02C6 (decimal 710)
   defining Unicode char U+02DC (decimal 732)
   defining Unicode char U+200C (decimal 8204)
   defining Unicode char U+2026 (decimal 8230)
   defining Unicode char U+2122 (decimal 8482)
   defining Unicode char U+2423 (decimal 9251)
))
(/usr/share/texlive/texmf-dist/tex/latex/amsfonts/amsfonts.sty
Package: amsfonts 2013/01/14 v3.01 Basic AMSFonts support
\@emptytoks=\toks20
\symAMSa=\mathgroup4
\symAMSb=\mathgroup5
LaTeX Font Info:    Overwriting math alphabet `\mathfrak' in version `bold'
(Font)                  U/euf/m/n --> U/euf/b/n on input line 106.
)
(/usr/share/texlive/texmf-dist/tex/latex/newunicodechar/newunicodechar.sty
Package: newunicodechar 2012/11/12 v1.1 Defining Unicode characters
)
(/usr/share/texlive/texmf-dist/tex/latex/etoolbox/etoolbox.sty
Package: etoolbox 2011/01/03 v2.1 e-TeX tools for LaTeX

(/usr/share/texlive/texmf-dist/tex/latex/etex-pkg/etex.sty
Package: etex 1998/03/26 v2.0 eTeX basic definition package (PEB)
\et@xins=\count107
)
\etb@tempcnta=\count108
) (./base.aux)
\openout1 = `base.aux'.

LaTeX Font Info:    Checking defaults for OML/cmm/m/it on input line 26.
LaTeX Font Info:    ... okay on input line 26.
LaTeX Font Info:    Checking defaults for T1/cmr/m/n on input line 26.
LaTeX Font Info:    ... okay on input line 26.
LaTeX Font Info:    Checking defaults for OT1/cmr/m/n on input line 26.
LaTeX Font Info:    ... okay on input line 26.
LaTeX Font Info:    Checking defaults for OMS/cmsy/m/n on input line 26.
LaTeX Font Info:    ... okay on input line 26.
LaTeX Font Info:    Checking defaults for OMX/cmex/m/n on input line 26.
LaTeX Font Info:    ... okay on input line 26.
LaTeX Font Info:    Checking defaults for U/cmr/m/n on input line 26.
LaTeX Font Info:    ... okay on input line 26.
LaTeX Font Info:    Checking defaults for PD1/pdf/m/n on input line 26.
LaTeX Font Info:    ... okay on input line 26.
\AtBeginShipoutBox=\box31
Package hyperref Info: Link coloring OFF on input line 26.

(/usr/share/texlive/texmf-dist/tex/latex/hyperref/nameref.sty
Package: nameref 2012/10/27 v2.43 Cross-referencing by name of section

(/usr/share/texlive/texmf-dist/tex/generic/oberdiek/gettitlestring.sty
Package: gettitlestring 2010/12/03 v1.4 Cleanup title references (HO)
)
\c@section@level=\count109
)
LaTeX Info: Redefining \ref on input line 26.
LaTeX Info: Redefining \pageref on input line 26.
LaTeX Info: Redefining \nameref on input line 26.

(./base.out) (./base.out)
\@outlinefile=\write5
\openout5 = `base.out'.


(/usr/share/texlive/texmf-dist/tex/context/base/supp-pdf.mkii
[Loading MPS to PDF converter (version 2006.09.02).]
\scratchcounter=\count110
\scratchdimen=\dimen111
\scratchbox=\box32
\nofMPsegments=\count111
\nofMParguments=\count112
\everyMPshowfont=\toks21
\MPscratchCnt=\count113
\MPscratchDim=\dimen112
\MPnumerator=\count114
\makeMPintoPDFobject=\count115
\everyMPtoPDFconversion=\toks22
)
runsystem(pygmentize -S default -f latex > base.pyg)...executed.

 (./base.pyg)
(/usr/share/texlive/texmf-dist/tex/latex/oberdiek/epstopdf-base.sty
Package: epstopdf-base 2010/02/09 v2.5 Base part for package epstopdf

(/usr/share/texlive/texmf-dist/tex/latex/oberdiek/grfext.sty
Package: grfext 2010/08/19 v1.1 Manage graphics extensions (HO)
)
Package grfext Info: Graphics extension search list:
(grfext)             [.png,.pdf,.jpg,.mps,.jpeg,.jbig2,.jb2,.PNG,.PDF,.JPG,.JPE
G,.JBIG2,.JB2,.eps]
(grfext)             \AppendGraphicsExtensions on input line 452.

(/usr/share/texlive/texmf-dist/tex/latex/latexconfig/epstopdf-sys.cfg
File: epstopdf-sys.cfg 2010/07/13 v1.3 Configuration of (r)epstopdf for TeX Liv
e
))
LaTeX Font Info:    Try loading font information for U+msa on input line 33.

(/usr/share/texlive/texmf-dist/tex/latex/amsfonts/umsa.fd
File: umsa.fd 2013/01/14 v3.01 AMS symbols A
)
LaTeX Font Info:    Try loading font information for U+msb on input line 33.

(/usr/share/texlive/texmf-dist/tex/latex/amsfonts/umsb.fd
File: umsb.fd 2013/01/14 v3.01 AMS symbols B
) [1

{/var/lib/texmf/fonts/map/pdftex/updmap/pdftex.map}] (./base.tocpdfTeX warning 
(ext4): destination with the same identifier (name{page.1}) has been already us
ed, duplicate ignored
<to be read again> 
                   \relax 
l.29 ...berline {8}Contigency plan}{21}{chapter.8}
                                                   [1

] [2])
\tf@toc=\write6
\openout6 = `base.toc'.

 [3]
Chapter 1.
(./chapters/context.tex

Package hyperref Warning: Difference (2) between bookmark levels is greater 
(hyperref)                than one, level fixed on input line 4.

[4

]) [5]
Chapter 2.
(./chapters/stateoftheart.tex [6

] [7]) [8]
Chapter 3.
(./chapters/formulation.tex) [9

] [10]
Chapter 4.
(./chapters/scope.tex [11

] [12] [13]) [14]
Chapter 5.
(./chapters/workmethodology.tex [15

]) [16]
Chapter 6.
(./chapters/projectoutline.tex) [17

]
Chapter 7.
(./chapters/projectphases.tex [18

] [19]) [20]
Chapter 8.
(./chapters/contingencyplan.tex) [21

]
Chapter 9.
(./chapters/resources.tex [22

]) [23]
Chapter 10.
(./chapters/projectbudget.tex
Underfull \hbox (badness 10000) in paragraph at lines 4--6

 []


Underfull \hbox (badness 10000) in paragraph at lines 18--20

 []

[24

]) [25]
Chapter 11.
(./chapters/costestimation.tex
Underfull \hbox (badness 10000) in paragraph at lines 5--7

 []

[26

]) [27]
Chapter 12.
(./chapters/costmanagement.tex) [28

]
Chapter 13.
(./chapters/sustainabilitystudy.tex [29

]
Underfull \hbox (badness 10000) in paragraph at lines 24--26

 []

[30]) [31]
Chapter 14.
(./chapters/architectureofthesolution.tex [32

]
<images/oa.png, id=654, 622.325pt x 414.54875pt>
File: images/oa.png Graphic file (type png)
 <use images/oa.png>
Package pdftex.def Info: images/oa.png used on input line 13.
(pdftex.def)             Requested size: 345.0pt x 229.81793pt.

Overfull \hbox (30.0pt too wide) in paragraph at lines 13--14
[][] 
 []

[33 <./images/oa.png>] [34]
Overfull \hbox (6.29688pt too wide) in paragraph at lines 37--38
\OT1/cmr/m/n/10 out-of-the-box. This is again de-scribed in more de-tail in a f
ol-low-ing sec-tion. 
 []

\openout3 = `base.pyg'.

runsystem(pygmentize -l php -f latex -F tokenmerge            -P linenos -P "ve
rboptions= ,frame=lines,framesep=2mm,baselinestretch=1.2,fontsize=\footnotesize
 " -o base.out.pyg base.pyg)...executed.

(./base.out.pyg)
runsystem(rm base.out.pyg)...executed.

runsystem(rm base.pyg)...executed.


Underfull \hbox (badness 10000) in paragraph at lines 50--51

 []

\openout3 = `base.pyg'.

runsystem(pygmentize -l php -f latex -F tokenmerge            -P linenos -P "ve
rboptions= ,frame=lines,framesep=2mm,baselinestretch=1.2,fontsize=\footnotesize
 " -o base.out.pyg base.pyg)...executed.

(./base.out.pyg)
runsystem(rm base.out.pyg)...executed.

runsystem(rm base.pyg)...executed.


Underfull \hbox (badness 10000) in paragraph at lines 62--63

 []

[35]
\openout3 = `base.pyg'.

runsystem(pygmentize -l php -f latex -F tokenmerge            -P linenos -P "ve
rboptions= ,frame=lines,framesep=2mm,baselinestretch=1.2,fontsize=\footnotesize
 " -o base.out.pyg base.pyg)...executed.

 (./base.out.pyg)
runsystem(rm base.out.pyg)...executed.

runsystem(rm base.pyg)...executed.


Underfull \hbox (badness 10000) in paragraph at lines 72--73

 []

\openout3 = `base.pyg'.

runsystem(pygmentize -l php -f latex -F tokenmerge            -P linenos -P "ve
rboptions= ,frame=lines,framesep=2mm,baselinestretch=1.2,fontsize=\footnotesize
 " -o base.out.pyg base.pyg)...executed.

(./base.out.pyg)
runsystem(rm base.out.pyg)...executed.

runsystem(rm base.pyg)...executed.


Underfull \hbox (badness 10000) in paragraph at lines 78--79

 []

\openout3 = `base.pyg'.

runsystem(pygmentize -l php -f latex -F tokenmerge            -P linenos -P "ve
rboptions= ,frame=lines,framesep=2mm,baselinestretch=1.2,fontsize=\footnotesize
 " -o base.out.pyg base.pyg)...executed.

(./base.out.pyg)
runsystem(rm base.out.pyg)...executed.

runsystem(rm base.pyg)...executed.


Underfull \hbox (badness 10000) in paragraph at lines 89--90

 []

\openout3 = `base.pyg'.

runsystem(pygmentize -l php -f latex -F tokenmerge            -P linenos -P "ve
rboptions= ,frame=lines,framesep=2mm,baselinestretch=1.2,fontsize=\footnotesize
 " -o base.out.pyg base.pyg)...executed.

(./base.out.pyg)
runsystem(rm base.out.pyg)...executed.

runsystem(rm base.pyg)...executed.


Underfull \hbox (badness 10000) in paragraph at lines 95--96

 []

LaTeX Font Info:    Try loading font information for OML+cmtt on input line 97.

LaTeX Font Info:    No file OMLcmtt.fd. on input line 97.

LaTeX Font Warning: Font shape `OML/cmtt/m/n' undefined
(Font)              using `OML/cmm/m/it' instead
(Font)              for symbol `textless' on input line 97.


Overfull \hbox (47.02936pt too wide) in paragraph at lines 97--98
\OT1/cmr/m/n/10 the group-ing, the def-i-ni-tion will be-come the one for \OML/
cmtt/m/n/10 <\OT1/cmtt/m/n/10 some[]url\OML/cmtt/m/n/10 >\OT1/cmtt/m/n/10 /api/
v1/products\OT1/cmr/m/n/10 . 
 []

[36]
\openout3 = `base.pyg'.

runsystem(pygmentize -l php -f latex -F tokenmerge            -P linenos -P "ve
rboptions= ,frame=lines,framesep=2mm,baselinestretch=1.2,fontsize=\footnotesize
 " -o base.out.pyg base.pyg)...executed.

 (./base.out.pyg)
runsystem(rm base.out.pyg)...executed.

runsystem(rm base.pyg)...executed.


Underfull \hbox (badness 10000) in paragraph at lines 110--111

 []

\openout3 = `base.pyg'.

runsystem(pygmentize -l bash -f latex -F tokenmerge            -P linenos -P "v
erboptions= ,frame=lines,framesep=2mm,baselinestretch=1.2,fontsize=\footnotesiz
e " -o base.out.pyg base.pyg)...executed.

(./base.out.pyg)
runsystem(rm base.out.pyg)...executed.

runsystem(rm base.pyg)...executed.


Underfull \hbox (badness 10000) in paragraph at lines 121--122

 []

<images/to.png, id=677, 1143.27126pt x 372.39125pt>
File: images/to.png Graphic file (type png)
 <use images/to.png>
Package pdftex.def Info: images/to.png used on input line 125.
(pdftex.def)             Requested size: 345.0pt x 112.37169pt.

Overfull \hbox (30.0pt too wide) in paragraph at lines 125--126
[][] 
 []

[37]
\openout3 = `base.pyg'.

runsystem(pygmentize -l php -f latex -F tokenmerge            -P linenos -P "ve
rboptions= ,frame=lines,framesep=2mm,baselinestretch=1.2,fontsize=\footnotesize
 " -o base.out.pyg base.pyg)...executed.

 (./base.out.pyg)
runsystem(rm base.out.pyg)...executed.

runsystem(rm base.pyg)...executed.


Underfull \hbox (badness 10000) in paragraph at lines 148--149

 []

[38 <./images/to.png>]
Overfull \hbox (30.61073pt too wide) in paragraph at lines 152--153
\OT1/cmr/m/n/10 clared as the de-fault with the fol-low-ing line of code, found
 on the \OT1/cmtt/m/n/10 config/database.php
 []

\openout3 = `base.pyg'.

runsystem(pygmentize -l php -f latex -F tokenmerge            -P linenos -P "ve
rboptions= ,frame=lines,framesep=2mm,baselinestretch=1.2,fontsize=\footnotesize
 " -o base.out.pyg base.pyg)...executed.

(./base.out.pyg)
runsystem(rm base.out.pyg)...executed.

runsystem(rm base.pyg)...executed.


Underfull \hbox (badness 10000) in paragraph at lines 156--157

 []

\openout3 = `base.pyg'.

runsystem(pygmentize -l php -f latex -F tokenmerge            -P linenos -P "ve
rboptions= ,frame=lines,framesep=2mm,baselinestretch=1.2,fontsize=\footnotesize
 " -o base.out.pyg base.pyg)...executed.

(./base.out.pyg)
runsystem(rm base.out.pyg)...executed.

runsystem(rm base.pyg)...executed.


Underfull \hbox (badness 10000) in paragraph at lines 170--171

 []

\openout3 = `base.pyg'.

runsystem(pygmentize -l php -f latex -F tokenmerge            -P linenos -P "ve
rboptions= ,frame=lines,framesep=2mm,baselinestretch=1.2,fontsize=\footnotesize
 " -o base.out.pyg base.pyg)...executed.

(./base.out.pyg)
runsystem(rm base.out.pyg)...executed.

runsystem(rm base.pyg)...executed.


Underfull \hbox (badness 10000) in paragraph at lines 176--177

 []

[39]
\openout3 = `base.pyg'.

runsystem(pygmentize -l php -f latex -F tokenmerge            -P linenos -P "ve
rboptions= ,frame=lines,framesep=2mm,baselinestretch=1.2,fontsize=\footnotesize
 " -o base.out.pyg base.pyg)...executed.

 (./base.out.pyg)
runsystem(rm base.out.pyg)...executed.

runsystem(rm base.pyg)...executed.


Underfull \hbox (badness 10000) in paragraph at lines 184--185

 []

\openout3 = `base.pyg'.

runsystem(pygmentize -l php -f latex -F tokenmerge            -P linenos -P "ve
rboptions= ,frame=lines,framesep=2mm,baselinestretch=1.2,fontsize=\footnotesize
 " -o base.out.pyg base.pyg)...executed.

(./base.out.pyg)
runsystem(rm base.out.pyg)...executed.

runsystem(rm base.pyg)...executed.


Underfull \hbox (badness 10000) in paragraph at lines 197--198

 []

\openout3 = `base.pyg'.

runsystem(pygmentize -l php -f latex -F tokenmerge            -P linenos -P "ve
rboptions= ,frame=lines,framesep=2mm,baselinestretch=1.2,fontsize=\footnotesize
 " -o base.out.pyg base.pyg)...executed.

(./base.out.pyg)
runsystem(rm base.out.pyg)...executed.

runsystem(rm base.pyg)...executed.


Underfull \hbox (badness 10000) in paragraph at lines 217--218

 []

[40]
\openout3 = `base.pyg'.

runsystem(pygmentize -l php -f latex -F tokenmerge            -P linenos -P "ve
rboptions= ,frame=lines,framesep=2mm,baselinestretch=1.2,fontsize=\footnotesize
 " -o base.out.pyg base.pyg)...executed.

 (./base.out.pyg)
runsystem(rm base.out.pyg)...executed.

runsystem(rm base.pyg)...executed.


Underfull \hbox (badness 10000) in paragraph at lines 238--239

 []

[41]
\openout3 = `base.pyg'.

runsystem(pygmentize -l php -f latex -F tokenmerge            -P linenos -P "ve
rboptions= ,frame=lines,framesep=2mm,baselinestretch=1.2,fontsize=\footnotesize
 " -o base.out.pyg base.pyg)...executed.

 [42] (./base.out.pyg)
runsystem(rm base.out.pyg)...executed.

runsystem(rm base.pyg)...executed.


Underfull \hbox (badness 10000) in paragraph at lines 279--280

 []

\openout3 = `base.pyg'.

runsystem(pygmentize -l php -f latex -F tokenmerge            -P linenos -P "ve
rboptions= ,frame=lines,framesep=2mm,baselinestretch=1.2,fontsize=\footnotesize
 " -o base.out.pyg base.pyg)...executed.

(./base.out.pyg)
runsystem(rm base.out.pyg)...executed.

runsystem(rm base.pyg)...executed.


Underfull \hbox (badness 10000) in paragraph at lines 287--288

 []

\openout3 = `base.pyg'.

runsystem(pygmentize -l php -f latex -F tokenmerge            -P linenos -P "ve
rboptions= ,frame=lines,framesep=2mm,baselinestretch=1.2,fontsize=\footnotesize
 " -o base.out.pyg base.pyg)...executed.

(./base.out.pyg)
runsystem(rm base.out.pyg)...executed.

runsystem(rm base.pyg)...executed.


Underfull \hbox (badness 10000) in paragraph at lines 303--304

 []

[43]
\openout3 = `base.pyg'.

runsystem(pygmentize -l php -f latex -F tokenmerge            -P linenos -P "ve
rboptions= ,frame=lines,framesep=2mm,baselinestretch=1.2,fontsize=\footnotesize
 " -o base.out.pyg base.pyg)...executed.

 (./base.out.pyg)
runsystem(rm base.out.pyg)...executed.

runsystem(rm base.pyg)...executed.


Underfull \hbox (badness 10000) in paragraph at lines 323--324

 []


Overfull \hbox (0.11351pt too wide) in paragraph at lines 325--326
[]\OT1/cmr/m/n/10 Some code, ba-si-cally the prepa-ra-tion of the data for the 
test, that is the \OT1/cmtt/m/n/10 $sample[]
 []

\openout3 = `base.pyg'.

runsystem(pygmentize -l php -f latex -F tokenmerge            -P linenos -P "ve
rboptions= ,frame=lines,framesep=2mm,baselinestretch=1.2,fontsize=\footnotesize
 " -o base.out.pyg base.pyg)...executed.

(./base.out.pyg)
runsystem(rm base.out.pyg)...executed.

runsystem(rm base.pyg)...executed.


Underfull \hbox (badness 10000) in paragraph at lines 333--334

 []

\openout3 = `base.pyg'.

runsystem(pygmentize -l php -f latex -F tokenmerge            -P linenos -P "ve
rboptions= ,frame=lines,framesep=2mm,baselinestretch=1.2,fontsize=\footnotesize
 " -o base.out.pyg base.pyg)...executed.

(./base.out.pyg)
runsystem(rm base.out.pyg)...executed.

runsystem(rm base.pyg)...executed.


Underfull \hbox (badness 10000) in paragraph at lines 365--366

 []

[44] [45]
\openout3 = `base.pyg'.

runsystem(pygmentize -l php -f latex -F tokenmerge            -P linenos -P "ve
rboptions= ,frame=lines,framesep=2mm,baselinestretch=1.2,fontsize=\footnotesize
 " -o base.out.pyg base.pyg)...executed.

 (./base.out.pyg)
runsystem(rm base.out.pyg)...executed.

runsystem(rm base.pyg)...executed.


Underfull \hbox (badness 10000) in paragraph at lines 392--393

 []

LaTeX Font Info:    Try loading font information for OMS+cmtt on input line 396
.
LaTeX Font Info:    No file OMScmtt.fd. on input line 396.

LaTeX Font Warning: Font shape `OMS/cmtt/m/n' undefined
(Font)              using `OMS/cmsy/m/n' instead
(Font)              for symbol `textbraceleft' on input line 396.

\openout3 = `base.pyg'.

runsystem(pygmentize -l php -f latex -F tokenmerge            -P linenos -P "ve
rboptions= ,frame=lines,framesep=2mm,baselinestretch=1.2,fontsize=\footnotesize
 " -o base.out.pyg base.pyg)...executed.

(./base.out.pyg)
runsystem(rm base.out.pyg)...executed.

runsystem(rm base.pyg)...executed.


Underfull \hbox (badness 10000) in paragraph at lines 425--426

 []

[46]
\openout3 = `base.pyg'.

runsystem(pygmentize -l php -f latex -F tokenmerge            -P linenos -P "ve
rboptions= ,frame=lines,framesep=2mm,baselinestretch=1.2,fontsize=\footnotesize
 " -o base.out.pyg base.pyg)...executed.

 (./base.out.pyg)
runsystem(rm base.out.pyg)...executed.

runsystem(rm base.pyg)...executed.


Underfull \hbox (badness 10000) in paragraph at lines 462--463

 []

[47]
\openout3 = `base.pyg'.

runsystem(pygmentize -l php -f latex -F tokenmerge            -P linenos -P "ve
rboptions= ,frame=lines,framesep=2mm,baselinestretch=1.2,fontsize=\footnotesize
 " -o base.out.pyg base.pyg)...executed.

 (./base.out.pyg)
runsystem(rm base.out.pyg)...executed.

runsystem(rm base.pyg)...executed.


Underfull \hbox (badness 10000) in paragraph at lines 470--471

 []

[48]
\openout3 = `base.pyg'.

runsystem(pygmentize -l php -f latex -F tokenmerge            -P linenos -P "ve
rboptions= ,frame=lines,framesep=2mm,baselinestretch=1.2,fontsize=\footnotesize
 " -o base.out.pyg base.pyg)...executed.

 (./base.out.pyg)
runsystem(rm base.out.pyg)...executed.

runsystem(rm base.pyg)...executed.


Underfull \hbox (badness 10000) in paragraph at lines 491--492

 []

) [49]
Chapter 15.
(./chapters/featureanalysis.tex [50

] [51] [52] [53] [54] [55]
Overfull \hbox (11.86162pt too wide) in paragraph at lines 143--144
\OT1/cmr/m/n/10 chase Lines, each Pur-chase Line rep-re-sent-ing a prod-uct bou
ght to a provider. 
 []

[56] [57]) [58]
Chapter 16.
(./chapters/domaindescription.tex
<images/smappclasses.png, id=908, 947.54pt x 756.8275pt>
File: images/smappclasses.png Graphic file (type png)

<use images/smappclasses.png>
Package pdftex.def Info: images/smappclasses.png used on input line 6.
(pdftex.def)             Requested size: 345.0pt x 275.55261pt.

Overfull \hbox (30.0pt too wide) in paragraph at lines 6--7
[][] 
 []

[59

] [60 <./images/smappclasses.png>]
<images/product.png, id=919, 144.54pt x 114.4275pt>
File: images/product.png Graphic file (type png)
 <use images/product.png>
Package pdftex.def Info: images/product.png used on input line 28.
(pdftex.def)             Requested size: 72.2698pt x 57.21361pt.

<images/category.png, id=920, 144.54pt x 114.4275pt>
File: images/category.png Graphic file (type png)
 <use images/category.png>
Package pdftex.def Info: images/category.png used on input line 43.
(pdftex.def)             Requested size: 72.2698pt x 57.21361pt.

[61 <./images/product.png>] <images/tag.png, id=926, 144.54pt x 114.4275pt>
File: images/tag.png Graphic file (type png)

<use images/tag.png>
Package pdftex.def Info: images/tag.png used on input line 57.
(pdftex.def)             Requested size: 72.2698pt x 57.21361pt.
 <images/stock.png, id=927, 144.54pt x 114.4275pt>
File: images/stock.png Graphic file (type png)

<use images/stock.png>
Package pdftex.def Info: images/stock.png used on input line 70.
(pdftex.def)             Requested size: 72.2698pt x 57.21361pt.
 [62 <./images/category.png> <./images/tag.png> <./images/stock.png>] <images/p
rovider.png, id=935, 144.54pt x 114.4275pt>
File: images/provider.png Graphic file (type png)

<use images/provider.png>
Package pdftex.def Info: images/provider.png used on input line 88.
(pdftex.def)             Requested size: 72.2698pt x 57.21361pt.
 [63 <./images/provider.png>]
<images/productoffer.png, id=941, 144.54pt x 114.4275pt>
File: images/productoffer.png Graphic file (type png)

<use images/productoffer.png>
Package pdftex.def Info: images/productoffer.png used on input line 102.
(pdftex.def)             Requested size: 72.2698pt x 57.21361pt.

<images/purchaseorder.png, id=942, 144.54pt x 114.4275pt>
File: images/purchaseorder.png Graphic file (type png)

<use images/purchaseorder.png>
Package pdftex.def Info: images/purchaseorder.png used on input line 116.
(pdftex.def)             Requested size: 72.2698pt x 57.21361pt.
 [64 <./images/productoffer.png> <./images/purchaseorder.png>] <images/purchase
line.png, id=949, 144.54pt x 114.4275pt>
File: images/purchaseline.png Graphic file (type png)

<use images/purchaseline.png>
Package pdftex.def Info: images/purchaseline.png used on input line 130.
(pdftex.def)             Requested size: 72.2698pt x 57.21361pt.

<images/customer.png, id=950, 144.54pt x 114.4275pt>
File: images/customer.png Graphic file (type png)
 <use images/customer.png>
Package pdftex.def Info: images/customer.png used on input line 145.
(pdftex.def)             Requested size: 72.2698pt x 57.21361pt.

[65 <./images/purchaseline.png> <./images/customer.png>]
<images/saleorder.png, id=957, 144.54pt x 114.4275pt>
File: images/saleorder.png Graphic file (type png)

<use images/saleorder.png>
Package pdftex.def Info: images/saleorder.png used on input line 159.
(pdftex.def)             Requested size: 72.2698pt x 57.21361pt.

<images/saleline.png, id=958, 144.54pt x 114.4275pt>
File: images/saleline.png Graphic file (type png)
 <use images/saleline.png>
Package pdftex.def Info: images/saleline.png used on input line 173.
(pdftex.def)             Requested size: 72.2698pt x 57.21361pt.

[66 <./images/saleorder.png> <./images/saleline.png>])
(./chapters/references.tex [67]
Underfull \hbox (badness 10000) in paragraph at lines 4--5
[]\OT1/cmr/m/n/10 Merriam Web-ster. 2016. Stock | Def-i-ni-tion of Stock by
 []


Underfull \hbox (badness 10000) in paragraph at lines 4--5
\OT1/cmr/m/n/10 Merriam-Webster. [ON-LINE] Avail-able at: http://www.merriam-
 []


Underfull \hbox (badness 7704) in paragraph at lines 10--11
[]\OT1/cmr/m/n/10 Business Dic-tio-nary. 2016. What is stock man-age-ment? def-
i-
 []


Underfull \hbox (badness 5908) in paragraph at lines 10--11
\OT1/cmr/m/n/10 ni-tion and mean-ing - Busi-ness-Dic-tionary.com [ON-LINE] Avai
l-able
 []


Underfull \hbox (badness 1117) in paragraph at lines 19--20
[]\OT1/cmr/m/n/10 Almyta.com. 2016. Free ABC In-ven-tory Soft-ware Fea-tures [O
N-LINE]
 []


Underfull \hbox (badness 1675) in paragraph at lines 22--23
[]\OT1/cmr/m/n/10 Wikipedia. 2016. Just-in-time man-u-fac-tur-ing [ON-LINE] Ava
il-able at:
 []


Underfull \hbox (badness 7451) in paragraph at lines 22--23
\OT1/cmr/m/n/10 https://en.wikipedia.org/wiki/Just-in-time[]manufacturing. [Ac-
cessed 26
 []

) [68

]
Appendix A.
(./chapters/usecasespecification.tex (./chapters/usecases/product.tex [69

]
[70]) (./chapters/usecases/stock.tex
Underfull \hbox (badness 10000) in paragraph at lines 98--1

 []

[71] [72]) (./chapters/usecases/category.tex [73]
Overfull \hbox (9.27718pt too wide) in paragraph at lines 54--55
[]\OT1/cmr/m/n/10 The Sys-tem re-sponds with the ID (cid) of the newly cre-ated
 cat-e-gory. 
 []


Overfull \hbox (0.50056pt too wide) in paragraph at lines 69--70
[]\OT1/cmr/m/n/10 The name at-tribute value pro-vided is not used by an-other c
at-e-gory. 
 []

[74]
Overfull \hbox (7.00049pt too wide) in paragraph at lines 98--99
[]\OT1/cmr/m/n/10 The cat-e-gory cid has been deleted and no longer ex-ists in 
the sys-tem. 
 []

[75]) (./chapters/usecases/tag.tex [76]) (./chapters/usecases/trigger.tex)
(./chapters/usecases/provider.tex [77] [78]
Overfull \hbox (10.41609pt too wide) in paragraph at lines 54--55
[]\OT1/cmr/m/n/10 The Sys-tem re-sponds with the ID (pid) of the newly cre-ated
 provider. 
 []


Overfull \hbox (0.52835pt too wide) in paragraph at lines 69--70
[]\OT1/cmr/m/n/10 The name at-tribute value pro-vided is not used by an-other p
rovider. 
 []

[79]) (./chapters/usecases/customer.tex
Underfull \hbox (badness 10000) in paragraph at lines 100--1

 []

[80]
Overfull \hbox (12.66606pt too wide) in paragraph at lines 54--55
[]\OT1/cmr/m/n/10 The Sys-tem re-sponds with the ID (cid) of the newly cre-ated
 cus-tomer. 
 []


Overfull \hbox (3.88945pt too wide) in paragraph at lines 69--70
[]\OT1/cmr/m/n/10 The name at-tribute value pro-vided is not used by an-other c
us-tomer. 
 []

[81]) (./chapters/usecases/purchase.tex [82] [83] [84] [85] [86]
Overfull \hbox (11.24945pt too wide) in paragraph at lines 254--255
[]\OT1/cmr/m/n/10 The Sys-tem re-sponds with the ID (plid) of the mod-i-fied pu
r-chase line. 
 []

[87]) (./chapters/usecases/sale.tex [88] [89] [90] [91] [92]
Overfull \hbox (9.36049pt too wide) in paragraph at lines 229--230
[]\OT1/cmr/m/n/10 The Sys-tem re-sponds with the ID (slid) of the newly cre-ate
d sale line. 
 []

[93] [94]))
Package atveryend Info: Empty hook `BeforeClearDocument' on input line 90.
 [95]
Package atveryend Info: Empty hook `AfterLastShipout' on input line 90.
 (./base.aux)
Package atveryend Info: Executing hook `AtVeryEndDocument' on input line 90.
Package atveryend Info: Executing hook `AtEndAfterFileList' on input line 90.
Package rerunfilecheck Info: File `base.out' has not changed.
(rerunfilecheck)             Checksum: 910FD27AFA9F4CF924F58214DFBF54D1;5743.


LaTeX Font Warning: Some font shapes were not available, defaults substituted.

Package atveryend Info: Empty hook `AtVeryVeryEnd' on input line 90.
 ) 
Here is how much of TeX's memory you used:
 8587 strings out of 493304
 126978 string characters out of 6139870
 230321 words of memory out of 5000000
 11500 multiletter control sequences out of 15000+600000
 13940 words of font info for 55 fonts, out of 8000000 for 9000
 957 hyphenation exceptions out of 8191
 38i,7n,45p,1035b,392s stack positions out of 5000i,500n,10000p,200000b,80000s
</usr/share/texlive/texmf-dist/fonts/type1/public/amsfonts/cm/cmbx10.pfb></us
r/share/texlive/texmf-dist/fonts/type1/public/amsfonts/cm/cmbx12.pfb></usr/shar
e/texlive/texmf-dist/fonts/type1/public/amsfonts/cm/cmbx5.pfb></usr/share/texli
ve/texmf-dist/fonts/type1/public/amsfonts/cm/cmmi10.pfb></usr/share/texlive/tex
mf-dist/fonts/type1/public/amsfonts/cm/cmr10.pfb></usr/share/texlive/texmf-dist
/fonts/type1/public/amsfonts/cm/cmr12.pfb></usr/share/texlive/texmf-dist/fonts/
type1/public/amsfonts/cm/cmr17.pfb></usr/share/texlive/texmf-dist/fonts/type1/p
ublic/amsfonts/cm/cmr5.pfb></usr/share/texlive/texmf-dist/fonts/type1/public/am
sfonts/cm/cmsy10.pfb></usr/share/texlive/texmf-dist/fonts/type1/public/amsfonts
/cm/cmti10.pfb></usr/share/texlive/texmf-dist/fonts/type1/public/amsfonts/cm/cm
tt10.pfb></usr/share/texlive/texmf-dist/fonts/type1/public/amsfonts/cm/cmtt8.pf
b></usr/share/texlive/texmf-dist/fonts/type1/public/eurosym/feybr10.pfb></usr/s
hare/texlive/texmf-dist/fonts/type1/public/eurosym/feymr10.pfb>
Output written on base.pdf (96 pages, 536485 bytes).
PDF statistics:
 1206 PDF objects out of 1440 (max. 8388607)
 1056 compressed objects within 11 object streams
 275 named destinations out of 1000 (max. 500000)
 815 words of extra memory for PDF output out of 10000 (max. 10000000)

